<?xml version="1.0" encoding="UTF-8"?>
<testsuite name="practical1.NumberToolsTest" tests="2" skipped="0" failures="0" errors="0" timestamp="2023-10-12T14:29:49" hostname="WIN-DKKICPOR9Q6" time="0.073">
  <properties/>
  <testcase name="testParse" classname="practical1.NumberToolsTest" time="0.021"/>
  <testcase name="testComputeStatistic" classname="practical1.NumberToolsTest" time="0.051"/>
  <system-out><![CDATA[]]></system-out>
  <system-err><![CDATA[]]></system-err>
</testsuite>
